Logfile initialized
[INFO] logfile = /Users/laura/Documents/Titanium Studio Workspace/_periodic_mobile/build.log
[DEBUG] /Library/Application Support/Titanium/mobilesdk/osx/1.8.0.1/android/builder.py simulator _periodic_mobile /Applications/android-sdk-macosx /Users/laura/Documents/Titanium Studio Workspace/_periodic_mobile com.laurawesome.periodicmobile 4 HVGA 
[INFO] Building _periodic_mobile for Android ... one moment
[INFO] Titanium SDK version: 1.8.0.1 (12/22/11 13:09 fbdc96f)
[DEBUG] Waiting for device to be ready ...
[TRACE] adb devices returned 1 devices/emulators
[TRACE] adb devices returned 1 devices/emulators
[TRACE] adb devices returned 1 devices/emulators
[TRACE] adb devices returned 1 devices/emulators
[TRACE] adb devices returned 1 devices/emulators
[TRACE] adb devices returned 1 devices/emulators
[TRACE] adb devices returned 1 devices/emulators
[TRACE] adb devices returned 1 devices/emulators
[TRACE] adb devices returned 1 devices/emulators
[TRACE] adb devices returned 1 devices/emulators
[TRACE] adb devices returned 1 devices/emulators
[TRACE] adb devices returned 1 devices/emulators
[TRACE] adb devices returned 1 devices/emulators
[TRACE] adb devices returned 1 devices/emulators
[TRACE] adb devices returned 1 devices/emulators
[TRACE] adb devices returned 1 devices/emulators
[TRACE] adb devices returned 1 devices/emulators
[TRACE] adb devices returned 1 devices/emulators
[TRACE] adb devices returned 1 devices/emulators
[TRACE] adb devices returned 1 devices/emulators
[TRACE] adb devices returned 1 devices/emulators
[TRACE] adb devices returned 1 devices/emulators
[TRACE] adb devices returned 1 devices/emulators
[TRACE] adb devices returned 1 devices/emulators
[TRACE] adb devices returned 1 devices/emulators
[TRACE] adb devices returned 1 devices/emulators
[TRACE] adb devices returned 1 devices/emulators
[TRACE] adb devices returned 1 devices/emulators
[TRACE] adb devices returned 1 devices/emulators
[TRACE] adb devices returned 1 devices/emulators
[ERROR] Timed out waiting for emulator to be ready, you may need to close the emulator and try again
[DEBUG] com.laurawesome.periodicmobile installed? False
[INFO] Fastdev server running, deploying in Fastdev mode
[INFO] Copying project resources..
[TRACE] COPYING MODIFIED FILE: /Users/laura/Documents/Titanium Studio Workspace/_periodic_mobile/Resources/app.js => /Users/laura/Documents/Titanium Studio Workspace/_periodic_mobile/build/android/bin/assets/Resources/app.js
[TRACE] COPYING MODIFIED FILE: /Users/laura/Documents/Titanium Studio Workspace/_periodic_mobile/Resources/index.html => /Users/laura/Documents/Titanium Studio Workspace/_periodic_mobile/build/android/bin/assets/Resources/index.html
[TRACE] Generating Java Classes
[DEBUG] Processing Android resource drawables
[DEBUG] copying app icon: /Users/laura/Documents/Titanium Studio Workspace/_periodic_mobile/build/android/bin/assets/Resources/atom-hi.png
[DEBUG] generating theme.xml
[DEBUG] found drawable-long-land-hdpi splash screen at /Users/laura/Documents/Titanium Studio Workspace/_periodic_mobile/Resources/android/images/res-long-land-hdpi/default.png
[DEBUG] copying /Users/laura/Documents/Titanium Studio Workspace/_periodic_mobile/Resources/android/images/res-long-land-hdpi/default.png splash screen to /Users/laura/Documents/Titanium Studio Workspace/_periodic_mobile/build/android/res/drawable-long-land-hdpi/background.png
[DEBUG] found drawable-long-land-ldpi splash screen at /Users/laura/Documents/Titanium Studio Workspace/_periodic_mobile/Resources/android/images/res-long-land-ldpi/default.png
[DEBUG] copying /Users/laura/Documents/Titanium Studio Workspace/_periodic_mobile/Resources/android/images/res-long-land-ldpi/default.png splash screen to /Users/laura/Documents/Titanium Studio Workspace/_periodic_mobile/build/android/res/drawable-long-land-ldpi/background.png
[DEBUG] found drawable-long-port-hdpi splash screen at /Users/laura/Documents/Titanium Studio Workspace/_periodic_mobile/Resources/android/images/res-long-port-hdpi/default.png
[DEBUG] copying /Users/laura/Documents/Titanium Studio Workspace/_periodic_mobile/Resources/android/images/res-long-port-hdpi/default.png splash screen to /Users/laura/Documents/Titanium Studio Workspace/_periodic_mobile/build/android/res/drawable-long-port-hdpi/background.png
[DEBUG] found drawable-long-port-ldpi splash screen at /Users/laura/Documents/Titanium Studio Workspace/_periodic_mobile/Resources/android/images/res-long-port-ldpi/default.png
[DEBUG] copying /Users/laura/Documents/Titanium Studio Workspace/_periodic_mobile/Resources/android/images/res-long-port-ldpi/default.png splash screen to /Users/laura/Documents/Titanium Studio Workspace/_periodic_mobile/build/android/res/drawable-long-port-ldpi/background.png
[DEBUG] found drawable-notlong-land-hdpi splash screen at /Users/laura/Documents/Titanium Studio Workspace/_periodic_mobile/Resources/android/images/res-notlong-land-hdpi/default.png
[DEBUG] copying /Users/laura/Documents/Titanium Studio Workspace/_periodic_mobile/Resources/android/images/res-notlong-land-hdpi/default.png splash screen to /Users/laura/Documents/Titanium Studio Workspace/_periodic_mobile/build/android/res/drawable-notlong-land-hdpi/background.png
[DEBUG] found drawable-notlong-land-ldpi splash screen at /Users/laura/Documents/Titanium Studio Workspace/_periodic_mobile/Resources/android/images/res-notlong-land-ldpi/default.png
[DEBUG] copying /Users/laura/Documents/Titanium Studio Workspace/_periodic_mobile/Resources/android/images/res-notlong-land-ldpi/default.png splash screen to /Users/laura/Documents/Titanium Studio Workspace/_periodic_mobile/build/android/res/drawable-notlong-land-ldpi/background.png
[DEBUG] found drawable-notlong-land-mdpi splash screen at /Users/laura/Documents/Titanium Studio Workspace/_periodic_mobile/Resources/android/images/res-notlong-land-mdpi/default.png
[DEBUG] copying /Users/laura/Documents/Titanium Studio Workspace/_periodic_mobile/Resources/android/images/res-notlong-land-mdpi/default.png splash screen to /Users/laura/Documents/Titanium Studio Workspace/_periodic_mobile/build/android/res/drawable-notlong-land-mdpi/background.png
[DEBUG] found drawable-notlong-port-hdpi splash screen at /Users/laura/Documents/Titanium Studio Workspace/_periodic_mobile/Resources/android/images/res-notlong-port-hdpi/default.png
[DEBUG] copying /Users/laura/Documents/Titanium Studio Workspace/_periodic_mobile/Resources/android/images/res-notlong-port-hdpi/default.png splash screen to /Users/laura/Documents/Titanium Studio Workspace/_periodic_mobile/build/android/res/drawable-notlong-port-hdpi/background.png
[DEBUG] found drawable-notlong-port-ldpi splash screen at /Users/laura/Documents/Titanium Studio Workspace/_periodic_mobile/Resources/android/images/res-notlong-port-ldpi/default.png
[DEBUG] copying /Users/laura/Documents/Titanium Studio Workspace/_periodic_mobile/Resources/android/images/res-notlong-port-ldpi/default.png splash screen to /Users/laura/Documents/Titanium Studio Workspace/_periodic_mobile/build/android/res/drawable-notlong-port-ldpi/background.png
[DEBUG] found drawable-notlong-port-mdpi splash screen at /Users/laura/Documents/Titanium Studio Workspace/_periodic_mobile/Resources/android/images/res-notlong-port-mdpi/default.png
[DEBUG] copying /Users/laura/Documents/Titanium Studio Workspace/_periodic_mobile/Resources/android/images/res-notlong-port-mdpi/default.png splash screen to /Users/laura/Documents/Titanium Studio Workspace/_periodic_mobile/build/android/res/drawable-notlong-port-mdpi/background.png
[DEBUG] found splash screen at /Users/laura/Documents/Titanium Studio Workspace/_periodic_mobile/build/android/bin/assets/Resources/default.png
[TRACE] Writing out AndroidManifest.xml
[DEBUG] adding /Users/laura/Documents/Titanium Studio Workspace/_periodic_mobile/build/android/gen/com/laurawesome/periodicmobile/_periodic_mobileActivity.java to javac build list
[DEBUG] adding /Users/laura/Documents/Titanium Studio Workspace/_periodic_mobile/build/android/gen/com/laurawesome/periodicmobile/_periodic_mobileAppInfo.java to javac build list
[DEBUG] adding /Users/laura/Documents/Titanium Studio Workspace/_periodic_mobile/build/android/gen/com/laurawesome/periodicmobile/_periodic_mobileApplication.java to javac build list
[DEBUG] adding /Users/laura/Documents/Titanium Studio Workspace/_periodic_mobile/build/android/gen/com/laurawesome/periodicmobile/R.java to javac build list
[DEBUG] Building Java Sources: "/Users/laura/Documents/Titanium Studio Workspace/_periodic_mobile/build/android/gen/com/laurawesome/periodicmobile/_periodic_mobileActivity.java" "/Users/laura/Documents/Titanium Studio Workspace/_periodic_mobile/build/android/gen/com/laurawesome/periodicmobile/_periodic_mobileAppInfo.java" "/Users/laura/Documents/Titanium Studio Workspace/_periodic_mobile/build/android/gen/com/laurawesome/periodicmobile/_periodic_mobileApplication.java" "/Users/laura/Documents/Titanium Studio Workspace/_periodic_mobile/build/android/gen/com/laurawesome/periodicmobile/R.java"
[INFO] Waiting for SDCard to become available..
[ERROR] Error checking for SDCard using 'mount'
[INFO] Compiling Android Resources... This could take some time
[DEBUG] Android classes.dex built
[DEBUG] creating unsigned apk: /Users/laura/Documents/Titanium Studio Workspace/_periodic_mobile/build/android/bin/app-unsigned.apk
[DEBUG] from resource zip => assets/Resources/KS_nav_ui.png
[DEBUG] from resource zip => assets/Resources/KS_nav_views.png
[DEBUG] from resource zip => assets/Resources/app.js
[DEBUG] from resource zip => assets/Resources/appicon.png
[DEBUG] from resource zip => assets/Resources/atom-hi.png
[DEBUG] from resource zip => assets/Resources/bbb.m4v
[DEBUG] from resource zip => assets/Resources/bbb.ogv
[DEBUG] from resource zip => assets/Resources/bbb.webm
[DEBUG] from resource zip => assets/Resources/default.png
[DEBUG] from resource zip => assets/Resources/excanvas.js
[DEBUG] from resource zip => assets/Resources/index.html
[DEBUG] from resource zip => assets/Resources/moleculenames.xml
[DEBUG] from resource zip => assets/Resources/on the fly.html
[DEBUG] from resource zip => assets/Resources/periodic.xml
[DEBUG] from resource zip => assets/Resources/reactions.xml
[DEBUG] from resource zip => assets/Resources/text on video.html
[DEBUG] from resource zip => assets/app.json
[DEBUG] from resource zip => assets/index.json
[DEBUG] from resource zip => assets/tiapp.xml
[DEBUG] from resource zip => res/drawable/appicon.png
[DEBUG] from resource zip => res/drawable/background.png
[DEBUG] from resource zip => res/drawable/close.png
[DEBUG] from resource zip => res/drawable/facebook_login.png
[DEBUG] from resource zip => res/drawable/facebook_login_down.png
[DEBUG] from resource zip => res/drawable/facebook_login_wide.png
[DEBUG] from resource zip => res/drawable/facebook_login_wide_down.png
[DEBUG] from resource zip => res/drawable/facebook_logout.png
[DEBUG] from resource zip => res/drawable/facebook_logout_down.png
[DEBUG] from resource zip => res/layout/titanium_tabgroup.xml
[DEBUG] from resource zip => AndroidManifest.xml
[DEBUG] from resource zip => resources.arsc
[DEBUG] from resource zip => res/drawable-hdpi/close.png
[DEBUG] from resource zip => res/drawable-ldpi/close.png
[DEBUG] from resource zip => res/drawable-long-land-hdpi/background.png
[DEBUG] from resource zip => res/drawable-long-land-ldpi/background.png
[DEBUG] from resource zip => res/drawable-long-port-hdpi/background.png
[DEBUG] from resource zip => res/drawable-long-port-ldpi/background.png
[DEBUG] from resource zip => res/drawable-notlong-land-hdpi/background.png
[DEBUG] from resource zip => res/drawable-notlong-land-ldpi/background.png
[DEBUG] from resource zip => res/drawable-notlong-land-mdpi/background.png
[DEBUG] from resource zip => res/drawable-notlong-port-hdpi/background.png
[DEBUG] from resource zip => res/drawable-notlong-port-ldpi/background.png
[DEBUG] from resource zip => res/drawable-notlong-port-mdpi/background.png
[DEBUG] from JAR /Library/Application Support/Titanium/mobilesdk/osx/1.8.0.1/android/titanium.jar => org/appcelerator/titanium/build.properties
[DEBUG] from JAR /Library/Application Support/Titanium/mobilesdk/osx/1.8.0.1/android/titanium.jar => org/appcelerator/titanium/res/drawable/background.png
[DEBUG] from JAR /Library/Application Support/Titanium/mobilesdk/osx/1.8.0.1/android/titanium.jar => org/appcelerator/titanium/res/drawable/btn_check_buttonless_on.png
[DEBUG] from JAR /Library/Application Support/Titanium/mobilesdk/osx/1.8.0.1/android/titanium.jar => org/appcelerator/titanium/res/drawable/btn_check_buttonless_on_18.png
[DEBUG] from JAR /Library/Application Support/Titanium/mobilesdk/osx/1.8.0.1/android/titanium.jar => org/appcelerator/titanium/res/drawable/btn_check_buttonless_on_48.png
[DEBUG] from JAR /Library/Application Support/Titanium/mobilesdk/osx/1.8.0.1/android/titanium.jar => org/appcelerator/titanium/res/drawable/btn_more.png
[DEBUG] from JAR /Library/Application Support/Titanium/mobilesdk/osx/1.8.0.1/android/titanium.jar => org/appcelerator/titanium/res/drawable/btn_more_18.png
[DEBUG] from JAR /Library/Application Support/Titanium/mobilesdk/osx/1.8.0.1/android/titanium.jar => org/appcelerator/titanium/res/drawable/btn_more_48.png
[DEBUG] from JAR /Library/Application Support/Titanium/mobilesdk/osx/1.8.0.1/android/titanium.jar => org/appcelerator/titanium/res/drawable/btn_picker_normal.9.png
[DEBUG] from JAR /Library/Application Support/Titanium/mobilesdk/osx/1.8.0.1/android/titanium.jar => org/appcelerator/titanium/res/drawable/btn_picker_pressed.9.png
[DEBUG] from JAR /Library/Application Support/Titanium/mobilesdk/osx/1.8.0.1/android/titanium.jar => org/appcelerator/titanium/res/drawable/btn_picker_selected.9.png
[DEBUG] from JAR /Library/Application Support/Titanium/mobilesdk/osx/1.8.0.1/android/titanium.jar => org/appcelerator/titanium/res/drawable/default_icon.png
[DEBUG] from JAR /Library/Application Support/Titanium/mobilesdk/osx/1.8.0.1/android/titanium.jar => org/appcelerator/titanium/res/drawable/photoDefault.png
[DEBUG] from JAR /Library/Application Support/Titanium/mobilesdk/osx/1.8.0.1/android/modules/titanium-facebook.jar => ti/modules/titanium/facebook/LICENSE
[DEBUG] from JAR /Library/Application Support/Titanium/mobilesdk/osx/1.8.0.1/android/modules/titanium-ui.jar => ti/modules/titanium/ui/widget/webview/binding.js
[DEBUG] from JAR /Library/Application Support/Titanium/mobilesdk/osx/1.8.0.1/android/modules/titanium-ui.jar => ti/modules/titanium/ui/widget/webview/binding.min.js
[DEBUG] from JAR /Library/Application Support/Titanium/mobilesdk/osx/1.8.0.1/android/modules/titanium-ui.jar => ti/modules/titanium/ui/widget/webview/json2.js
[DEBUG] Waiting for device to be ready ...
[TRACE] adb devices returned 1 devices/emulators
[TRACE] adb devices returned 1 devices/emulators
[TRACE] adb devices returned 1 devices/emulators
[TRACE] adb devices returned 1 devices/emulators
[TRACE] adb devices returned 1 devices/emulators
[TRACE] adb devices returned 1 devices/emulators
[TRACE] adb devices returned 1 devices/emulators
[TRACE] adb devices returned 1 devices/emulators
[TRACE] adb devices returned 1 devices/emulators
[TRACE] adb devices returned 1 devices/emulators
[TRACE] adb devices returned 1 devices/emulators
[TRACE] adb devices returned 1 devices/emulators
[TRACE] adb devices returned 1 devices/emulators
[TRACE] adb devices returned 1 devices/emulators
[TRACE] adb devices returned 1 devices/emulators
[TRACE] adb devices returned 1 devices/emulators
[TRACE] adb devices returned 1 devices/emulators
[INFO] Android Emulator has exited
[TRACE] adb devices returned 1 devices/emulators
[TRACE] adb devices returned 1 devices/emulators
[TRACE] adb devices returned 1 devices/emulators
[TRACE] adb devices returned 1 devices/emulators
[TRACE] adb devices returned 1 devices/emulators
[TRACE] adb devices returned 1 devices/emulators
[TRACE] adb devices returned 1 devices/emulators
[TRACE] adb devices returned 1 devices/emulators
[TRACE] adb devices returned 1 devices/emulators
[TRACE] adb devices returned 1 devices/emulators
[TRACE] adb devices returned 1 devices/emulators
[TRACE] adb devices returned 1 devices/emulators
[TRACE] adb devices returned 1 devices/emulators
[ERROR] Timed out waiting for emulator to be ready, you may need to close the emulator and try again
[INFO] Installing application on device
